F:\visual studio 2022\install\MSBuild\Microsoft\VC\v170\Microsoft.CppBuild.targets(523,5): warning MSB8004: Intermediate 目录未以斜杠结尾。  此生成实例将添加斜杠，因为必须有这个斜杠才能正确计算 Intermediate 目录。
F:\visual studio 2022\install\MSBuild\Microsoft\VC\v170\Microsoft.CppBuild.targets(524,5): warning MSB8004: Output 目录未以斜杠结尾。  此生成实例将添加斜杠，因为必须有这个斜杠才能正确计算 Output 目录。
F:\visual studio 2022\install\MSBuild\Microsoft\VC\v170\Microsoft.CppBuild.targets(523,5): warning MSB8004: Intermediate 目录未以斜杠结尾。  此生成实例将添加斜杠，因为必须有这个斜杠才能正确计算 Intermediate 目录。
F:\visual studio 2022\install\MSBuild\Microsoft\VC\v170\Microsoft.CppBuild.targets(524,5): warning MSB8004: Output 目录未以斜杠结尾。  此生成实例将添加斜杠，因为必须有这个斜杠才能正确计算 Output 目录。
  SandboxApp.cpp
F:\vspro\SEAL\Sandbox\SRC\SandboxApp.cpp(1,1): warning C4828: 文件包含在偏移 0xd7 处开始的字符，该字符在当前源字符集中无效(代码页 65001)。
F:\vspro\SEAL\Sandbox\SRC\SandboxApp.cpp(1,1): warning C4828: 文件包含在偏移 0xd9 处开始的字符，该字符在当前源字符集中无效(代码页 65001)。
F:\vspro\SEAL\Sandbox\SRC\SandboxApp.cpp(1,1): warning C4828: 文件包含在偏移 0xda 处开始的字符，该字符在当前源字符集中无效(代码页 65001)。
F:\vspro\SEAL\Sandbox\SRC\SandboxApp.cpp(1,1): warning C4828: 文件包含在偏移 0xe6 处开始的字符，该字符在当前源字符集中无效(代码页 65001)。
F:\vspro\SEAL\Sandbox\SRC\SandboxApp.cpp(1,1): warning C4828: 文件包含在偏移 0xea 处开始的字符，该字符在当前源字符集中无效(代码页 65001)。
F:\vspro\SEAL\Sandbox\SRC\SandboxApp.cpp(1,1): warning C4828: 文件包含在偏移 0xec 处开始的字符，该字符在当前源字符集中无效(代码页 65001)。
F:\vspro\SEAL\Sandbox\SRC\SandboxApp.cpp(1,1): warning C4828: 文件包含在偏移 0xef 处开始的字符，该字符在当前源字符集中无效(代码页 65001)。
F:\vspro\SEAL\Sandbox\SRC\SandboxApp.cpp(1,1): warning C4828: 文件包含在偏移 0xf0 处开始的字符，该字符在当前源字符集中无效(代码页 65001)。
F:\vspro\SEAL\Sandbox\SRC\SandboxApp.cpp(1,1): warning C4828: 文件包含在偏移 0xf2 处开始的字符，该字符在当前源字符集中无效(代码页 65001)。
F:\vspro\SEAL\Sandbox\SRC\SandboxApp.cpp(1,1): warning C4828: 文件包含在偏移 0xfd 处开始的字符，该字符在当前源字符集中无效(代码页 65001)。
F:\vspro\SEAL\Sandbox\SRC\SandboxApp.cpp(1,1): warning C4828: 文件包含在偏移 0xfe 处开始的字符，该字符在当前源字符集中无效(代码页 65001)。
F:\vspro\SEAL\Sandbox\SRC\SandboxApp.cpp(1,1): warning C4828: 文件包含在偏移 0x101 处开始的字符，该字符在当前源字符集中无效(代码页 65001)。
F:\vspro\SEAL\Sandbox\SRC\SandboxApp.cpp(1,1): warning C4828: 文件包含在偏移 0x103 处开始的字符，该字符在当前源字符集中无效(代码页 65001)。
F:\vspro\SEAL\Sandbox\SRC\SandboxApp.cpp(1,1): warning C4828: 文件包含在偏移 0x107 处开始的字符，该字符在当前源字符集中无效(代码页 65001)。
F:\vspro\SEAL\Sandbox\SRC\SandboxApp.cpp(1,1): warning C4828: 文件包含在偏移 0x108 处开始的字符，该字符在当前源字符集中无效(代码页 65001)。
F:\vspro\SEAL\Sandbox\SRC\SandboxApp.cpp(1,1): warning C4828: 文件包含在偏移 0x10c 处开始的字符，该字符在当前源字符集中无效(代码页 65001)。
F:\vspro\SEAL\Sandbox\SRC\SandboxApp.cpp(1,1): warning C4828: 文件包含在偏移 0x10d 处开始的字符，该字符在当前源字符集中无效(代码页 65001)。
F:\vspro\SEAL\Sandbox\SRC\SandboxApp.cpp(1,1): warning C4828: 文件包含在偏移 0x110 处开始的字符，该字符在当前源字符集中无效(代码页 65001)。
F:\vspro\SEAL\Sandbox\SRC\SandboxApp.cpp(1,1): warning C4828: 文件包含在偏移 0x112 处开始的字符，该字符在当前源字符集中无效(代码页 65001)。
F:\vspro\SEAL\SEAL\SRC\SEAL\Application.h(1,1): warning C4828: 文件包含在偏移 0x10 处开始的字符，该字符在当前源字符集中无效(代码页 65001)。
  (编译源文件“SRC/SandboxApp.cpp”)
  
F:\vspro\SEAL\SEAL\SRC\SEAL\Application.h(1,1): warning C4828: 文件包含在偏移 0x12 处开始的字符，该字符在当前源字符集中无效(代码页 65001)。
  (编译源文件“SRC/SandboxApp.cpp”)
  
F:\vspro\SEAL\SEAL\SRC\SEAL\Application.h(1,1): warning C4828: 文件包含在偏移 0x13 处开始的字符，该字符在当前源字符集中无效(代码页 65001)。
  (编译源文件“SRC/SandboxApp.cpp”)
  
F:\vspro\SEAL\SEAL\SRC\SEAL\Application.h(1,1): warning C4828: 文件包含在偏移 0x18 处开始的字符，该字符在当前源字符集中无效(代码页 65001)。
  (编译源文件“SRC/SandboxApp.cpp”)
  
F:\vspro\SEAL\SEAL\SRC\SEAL\Application.h(1,1): warning C4828: 文件包含在偏移 0x19 处开始的字符，该字符在当前源字符集中无效(代码页 65001)。
  (编译源文件“SRC/SandboxApp.cpp”)
  
F:\vspro\SEAL\SEAL\SRC\SEAL\Application.h(1,1): warning C4828: 文件包含在偏移 0x1a 处开始的字符，该字符在当前源字符集中无效(代码页 65001)。
  (编译源文件“SRC/SandboxApp.cpp”)
  
F:\vspro\SEAL\SEAL\SRC\SEAL\Application.h(1,1): warning C4828: 文件包含在偏移 0x1f 处开始的字符，该字符在当前源字符集中无效(代码页 65001)。
  (编译源文件“SRC/SandboxApp.cpp”)
  
F:\vspro\SEAL\SEAL\SRC\SEAL\Application.h(1,1): warning C4828: 文件包含在偏移 0x21 处开始的字符，该字符在当前源字符集中无效(代码页 65001)。
  (编译源文件“SRC/SandboxApp.cpp”)
  
F:\vspro\SEAL\SEAL\SRC\SEAL\Application.h(1,1): warning C4828: 文件包含在偏移 0x22 处开始的字符，该字符在当前源字符集中无效(代码页 65001)。
  (编译源文件“SRC/SandboxApp.cpp”)
  
F:\vspro\SEAL\SEAL\SRC\SEAL\Application.h(1,1): warning C4828: 文件包含在偏移 0x23 处开始的字符，该字符在当前源字符集中无效(代码页 65001)。
  (编译源文件“SRC/SandboxApp.cpp”)
  
F:\vspro\SEAL\SEAL\SRC\SEAL\Application.h(1,1): warning C4828: 文件包含在偏移 0x24 处开始的字符，该字符在当前源字符集中无效(代码页 65001)。
  (编译源文件“SRC/SandboxApp.cpp”)
  
F:\vspro\SEAL\SEAL\SRC\SEAL\Application.h(1,1): warning C4828: 文件包含在偏移 0x29 处开始的字符，该字符在当前源字符集中无效(代码页 65001)。
  (编译源文件“SRC/SandboxApp.cpp”)
  
F:\vspro\SEAL\SEAL\SRC\SEAL\Application.h(1,1): warning C4828: 文件包含在偏移 0x2b 处开始的字符，该字符在当前源字符集中无效(代码页 65001)。
  (编译源文件“SRC/SandboxApp.cpp”)
  
F:\vspro\SEAL\SEAL\SRC\SEAL\Application.h(1,1): warning C4828: 文件包含在偏移 0x2c 处开始的字符，该字符在当前源字符集中无效(代码页 65001)。
  (编译源文件“SRC/SandboxApp.cpp”)
  
F:\vspro\SEAL\SEAL\SRC\SEAL\Application.h(1,1): warning C4828: 文件包含在偏移 0x2f 处开始的字符，该字符在当前源字符集中无效(代码页 65001)。
  (编译源文件“SRC/SandboxApp.cpp”)
  
F:\vspro\SEAL\SEAL\SRC\SEAL\Application.h(1,1): warning C4828: 文件包含在偏移 0x31 处开始的字符，该字符在当前源字符集中无效(代码页 65001)。
  (编译源文件“SRC/SandboxApp.cpp”)
  
F:\vspro\SEAL\SEAL\SRC\SEAL\Application.h(1,1): warning C4828: 文件包含在偏移 0x32 处开始的字符，该字符在当前源字符集中无效(代码页 65001)。
  (编译源文件“SRC/SandboxApp.cpp”)
  
F:\vspro\SEAL\SEAL\SRC\SEAL\Application.h(1,1): warning C4828: 文件包含在偏移 0x33 处开始的字符，该字符在当前源字符集中无效(代码页 65001)。
  (编译源文件“SRC/SandboxApp.cpp”)
  
F:\vspro\SEAL\SEAL\SRC\SEAL\Application.h(1,1): warning C4828: 文件包含在偏移 0x35 处开始的字符，该字符在当前源字符集中无效(代码页 65001)。
  (编译源文件“SRC/SandboxApp.cpp”)
  
F:\vspro\SEAL\SEAL\SRC\SEAL\Application.h(1,1): warning C4828: 文件包含在偏移 0x36 处开始的字符，该字符在当前源字符集中无效(代码页 65001)。
  (编译源文件“SRC/SandboxApp.cpp”)
  
F:\vspro\SEAL\SEAL\SRC\SEAL\Application.h(1,1): warning C4828: 文件包含在偏移 0x38 处开始的字符，该字符在当前源字符集中无效(代码页 65001)。
  (编译源文件“SRC/SandboxApp.cpp”)
  
F:\vspro\SEAL\SEAL\SRC\SEAL\Application.h(1,1): warning C4828: 文件包含在偏移 0x39 处开始的字符，该字符在当前源字符集中无效(代码页 65001)。
  (编译源文件“SRC/SandboxApp.cpp”)
  
F:\vspro\SEAL\SEAL\SRC\SEAL\Application.h(1,1): warning C4828: 文件包含在偏移 0x3a 处开始的字符，该字符在当前源字符集中无效(代码页 65001)。
  (编译源文件“SRC/SandboxApp.cpp”)
  
F:\vspro\SEAL\SEAL\SRC\SEAL\Application.h(1,1): warning C4828: 文件包含在偏移 0x46 处开始的字符，该字符在当前源字符集中无效(代码页 65001)。
  (编译源文件“SRC/SandboxApp.cpp”)
  
F:\vspro\SEAL\SEAL\SRC\SEAL\Application.h(1,1): warning C4828: 文件包含在偏移 0x47 处开始的字符，该字符在当前源字符集中无效(代码页 65001)。
  (编译源文件“SRC/SandboxApp.cpp”)
  
F:\vspro\SEAL\SEAL\SRC\SEAL\Application.h(1,1): warning C4828: 文件包含在偏移 0xd7 处开始的字符，该字符在当前源字符集中无效(代码页 65001)。
  (编译源文件“SRC/SandboxApp.cpp”)
  
F:\vspro\SEAL\SEAL\SRC\SEAL\Application.h(1,1): warning C4828: 文件包含在偏移 0xd9 处开始的字符，该字符在当前源字符集中无效(代码页 65001)。
  (编译源文件“SRC/SandboxApp.cpp”)
  
F:\vspro\SEAL\SEAL\SRC\SEAL\Application.h(1,1): warning C4828: 文件包含在偏移 0xda 处开始的字符，该字符在当前源字符集中无效(代码页 65001)。
  (编译源文件“SRC/SandboxApp.cpp”)
  
F:\vspro\SEAL\SEAL\SRC\SEAL\Application.h(1,1): warning C4828: 文件包含在偏移 0xec 处开始的字符，该字符在当前源字符集中无效(代码页 65001)。
  (编译源文件“SRC/SandboxApp.cpp”)
  
F:\vspro\SEAL\SEAL\SRC\SEAL\Application.h(1,1): warning C4828: 文件包含在偏移 0xee 处开始的字符，该字符在当前源字符集中无效(代码页 65001)。
  (编译源文件“SRC/SandboxApp.cpp”)
  
F:\vspro\SEAL\SEAL\SRC\SEAL\Application.h(1,1): warning C4828: 文件包含在偏移 0xf0 处开始的字符，该字符在当前源字符集中无效(代码页 65001)。
  (编译源文件“SRC/SandboxApp.cpp”)
  
F:\vspro\SEAL\SEAL\SRC\SEAL\Application.h(1,1): warning C4828: 文件包含在偏移 0xf9 处开始的字符，该字符在当前源字符集中无效(代码页 65001)。
  (编译源文件“SRC/SandboxApp.cpp”)
  
F:\vspro\SEAL\SEAL\SRC\SEAL\Application.h(1,1): warning C4828: 文件包含在偏移 0xfb 处开始的字符，该字符在当前源字符集中无效(代码页 65001)。
  (编译源文件“SRC/SandboxApp.cpp”)
  
F:\vspro\SEAL\SEAL\SRC\SEAL\Application.h(1,1): warning C4828: 文件包含在偏移 0xfc 处开始的字符，该字符在当前源字符集中无效(代码页 65001)。
  (编译源文件“SRC/SandboxApp.cpp”)
  
F:\vspro\SEAL\SEAL\SRC\SEAL\Application.h(1,1): warning C4828: 文件包含在偏移 0xfd 处开始的字符，该字符在当前源字符集中无效(代码页 65001)。
  (编译源文件“SRC/SandboxApp.cpp”)
  
F:\vspro\SEAL\SEAL\SRC\SEAL\Core.h(1,1): warning C4828: 文件包含在偏移 0x10 处开始的字符，该字符在当前源字符集中无效(代码页 65001)。
  (编译源文件“SRC/SandboxApp.cpp”)
  
F:\vspro\SEAL\SEAL\SRC\SEAL\Core.h(1,1): warning C4828: 文件包含在偏移 0x12 处开始的字符，该字符在当前源字符集中无效(代码页 65001)。
  (编译源文件“SRC/SandboxApp.cpp”)
  
F:\vspro\SEAL\SEAL\SRC\SEAL\Core.h(1,1): warning C4828: 文件包含在偏移 0x14 处开始的字符，该字符在当前源字符集中无效(代码页 65001)。
  (编译源文件“SRC/SandboxApp.cpp”)
  
F:\vspro\SEAL\SEAL\SRC\SEAL\Core.h(1,1): warning C4828: 文件包含在偏移 0x15 处开始的字符，该字符在当前源字符集中无效(代码页 65001)。
  (编译源文件“SRC/SandboxApp.cpp”)
  
F:\vspro\SEAL\SEAL\SRC\SEAL\Core.h(1,1): warning C4828: 文件包含在偏移 0x16 处开始的字符，该字符在当前源字符集中无效(代码页 65001)。
  (编译源文件“SRC/SandboxApp.cpp”)
  
F:\vspro\SEAL\SEAL\SRC\SEAL\Core.h(1,1): warning C4828: 文件包含在偏移 0x18 处开始的字符，该字符在当前源字符集中无效(代码页 65001)。
  (编译源文件“SRC/SandboxApp.cpp”)
  
F:\vspro\SEAL\SEAL\SRC\SEAL\Core.h(1,1): warning C4828: 文件包含在偏移 0x19 处开始的字符，该字符在当前源字符集中无效(代码页 65001)。
  (编译源文件“SRC/SandboxApp.cpp”)
  
F:\vspro\SEAL\SEAL\SRC\SEAL\Core.h(1,1): warning C4828: 文件包含在偏移 0x1a 处开始的字符，该字符在当前源字符集中无效(代码页 65001)。
  (编译源文件“SRC/SandboxApp.cpp”)
  
F:\vspro\SEAL\SEAL\SRC\SEAL\Core.h(1,1): warning C4828: 文件包含在偏移 0x1b 处开始的字符，该字符在当前源字符集中无效(代码页 65001)。
  (编译源文件“SRC/SandboxApp.cpp”)
  
F:\vspro\SEAL\SEAL\SRC\SEAL\Core.h(1,1): warning C4828: 文件包含在偏移 0x21 处开始的字符，该字符在当前源字符集中无效(代码页 65001)。
  (编译源文件“SRC/SandboxApp.cpp”)
  
F:\vspro\SEAL\SEAL\SRC\SEAL\Core.h(1,1): warning C4828: 文件包含在偏移 0x24 处开始的字符，该字符在当前源字符集中无效(代码页 65001)。
  (编译源文件“SRC/SandboxApp.cpp”)
  
F:\vspro\SEAL\SEAL\SRC\SEAL\EntryPoint.h(1,1): warning C4828: 文件包含在偏移 0x10 处开始的字符，该字符在当前源字符集中无效(代码页 65001)。
  (编译源文件“SRC/SandboxApp.cpp”)
  
F:\vspro\SEAL\SEAL\SRC\SEAL\EntryPoint.h(1,1): warning C4828: 文件包含在偏移 0x12 处开始的字符，该字符在当前源字符集中无效(代码页 65001)。
  (编译源文件“SRC/SandboxApp.cpp”)
  
F:\vspro\SEAL\SEAL\SRC\SEAL\EntryPoint.h(1,1): warning C4828: 文件包含在偏移 0x13 处开始的字符，该字符在当前源字符集中无效(代码页 65001)。
  (编译源文件“SRC/SandboxApp.cpp”)
  
F:\vspro\SEAL\SEAL\SRC\SEAL\EntryPoint.h(1,1): warning C4828: 文件包含在偏移 0x16 处开始的字符，该字符在当前源字符集中无效(代码页 65001)。
  (编译源文件“SRC/SandboxApp.cpp”)
  
F:\vspro\SEAL\SEAL\SRC\SEAL\EntryPoint.h(1,1): warning C4828: 文件包含在偏移 0x18 处开始的字符，该字符在当前源字符集中无效(代码页 65001)。
  (编译源文件“SRC/SandboxApp.cpp”)
  
F:\vspro\SEAL\SEAL\SRC\SEAL\EntryPoint.h(1,1): warning C4828: 文件包含在偏移 0x1a 处开始的字符，该字符在当前源字符集中无效(代码页 65001)。
  (编译源文件“SRC/SandboxApp.cpp”)
  
F:\vspro\SEAL\SEAL\SRC\SEAL\EntryPoint.h(1,1): warning C4828: 文件包含在偏移 0x1b 处开始的字符，该字符在当前源字符集中无效(代码页 65001)。
  (编译源文件“SRC/SandboxApp.cpp”)
  
F:\vspro\SEAL\SEAL\SRC\SEAL\EntryPoint.h(1,1): warning C4828: 文件包含在偏移 0x1d 处开始的字符，该字符在当前源字符集中无效(代码页 65001)。
  (编译源文件“SRC/SandboxApp.cpp”)
  
F:\vspro\SEAL\SEAL\SRC\SEAL\EntryPoint.h(1,1): warning C4828: 文件包含在偏移 0x20 处开始的字符，该字符在当前源字符集中无效(代码页 65001)。
  (编译源文件“SRC/SandboxApp.cpp”)
  
F:\vspro\SEAL\SEAL\SRC\SEAL\EntryPoint.h(1,1): warning C4828: 文件包含在偏移 0x21 处开始的字符，该字符在当前源字符集中无效(代码页 65001)。
  (编译源文件“SRC/SandboxApp.cpp”)
  
F:\vspro\SEAL\SEAL\SRC\SEAL\EntryPoint.h(1,1): warning C4828: 文件包含在偏移 0x22 处开始的字符，该字符在当前源字符集中无效(代码页 65001)。
  (编译源文件“SRC/SandboxApp.cpp”)
  
F:\vspro\SEAL\SEAL\SRC\SEAL\EntryPoint.h(1,1): warning C4828: 文件包含在偏移 0x23 处开始的字符，该字符在当前源字符集中无效(代码页 65001)。
  (编译源文件“SRC/SandboxApp.cpp”)
  
F:\vspro\SEAL\SEAL\SRC\SEAL\EntryPoint.h(1,1): warning C4828: 文件包含在偏移 0x25 处开始的字符，该字符在当前源字符集中无效(代码页 65001)。
  (编译源文件“SRC/SandboxApp.cpp”)
  
F:\vspro\SEAL\SEAL\SRC\SEAL\EntryPoint.h(1,1): warning C4828: 文件包含在偏移 0x27 处开始的字符，该字符在当前源字符集中无效(代码页 65001)。
  (编译源文件“SRC/SandboxApp.cpp”)
  
F:\vspro\SEAL\SEAL\SRC\SEAL\EntryPoint.h(1,1): warning C4828: 文件包含在偏移 0x28 处开始的字符，该字符在当前源字符集中无效(代码页 65001)。
  (编译源文件“SRC/SandboxApp.cpp”)
  
F:\vspro\SEAL\SEAL\SRC\SEAL\EntryPoint.h(1,1): warning C4828: 文件包含在偏移 0x2a 处开始的字符，该字符在当前源字符集中无效(代码页 65001)。
  (编译源文件“SRC/SandboxApp.cpp”)
  
F:\vspro\SEAL\SEAL\SRC\SEAL\EntryPoint.h(1,1): warning C4828: 文件包含在偏移 0x2b 处开始的字符，该字符在当前源字符集中无效(代码页 65001)。
  (编译源文件“SRC/SandboxApp.cpp”)
  
F:\vspro\SEAL\SEAL\SRC\SEAL\EntryPoint.h(1,1): warning C4828: 文件包含在偏移 0x2c 处开始的字符，该字符在当前源字符集中无效(代码页 65001)。
  (编译源文件“SRC/SandboxApp.cpp”)
  
F:\vspro\SEAL\SEAL\SRC\SEAL\EntryPoint.h(1,1): warning C4828: 文件包含在偏移 0x2d 处开始的字符，该字符在当前源字符集中无效(代码页 65001)。
  (编译源文件“SRC/SandboxApp.cpp”)
  
F:\vspro\SEAL\SEAL\SRC\SEAL\EntryPoint.h(1,1): warning C4828: 文件包含在偏移 0x2e 处开始的字符，该字符在当前源字符集中无效(代码页 65001)。
  (编译源文件“SRC/SandboxApp.cpp”)
  
F:\vspro\SEAL\SEAL\SRC\SEAL\EntryPoint.h(1,1): warning C4828: 文件包含在偏移 0x30 处开始的字符，该字符在当前源字符集中无效(代码页 65001)。
  (编译源文件“SRC/SandboxApp.cpp”)
  
F:\vspro\SEAL\SEAL\SRC\SEAL\EntryPoint.h(1,1): warning C4828: 文件包含在偏移 0x31 处开始的字符，该字符在当前源字符集中无效(代码页 65001)。
  (编译源文件“SRC/SandboxApp.cpp”)
  
F:\vspro\SEAL\SEAL\SRC\SEAL\EntryPoint.h(1,1): warning C4828: 文件包含在偏移 0x33 处开始的字符，该字符在当前源字符集中无效(代码页 65001)。
  (编译源文件“SRC/SandboxApp.cpp”)
  
F:\vspro\SEAL\SEAL\SRC\SEAL\EntryPoint.h(1,1): warning C4828: 文件包含在偏移 0x36 处开始的字符，该字符在当前源字符集中无效(代码页 65001)。
  (编译源文件“SRC/SandboxApp.cpp”)
  
F:\vspro\SEAL\SEAL\SRC\SEAL\EntryPoint.h(1,1): warning C4828: 文件包含在偏移 0x3a 处开始的字符，该字符在当前源字符集中无效(代码页 65001)。
  (编译源文件“SRC/SandboxApp.cpp”)
  
F:\vspro\SEAL\SEAL\SRC\SEAL\EntryPoint.h(1,1): warning C4828: 文件包含在偏移 0x3e 处开始的字符，该字符在当前源字符集中无效(代码页 65001)。
  (编译源文件“SRC/SandboxApp.cpp”)
  
F:\vspro\SEAL\SEAL\SRC\SEAL\EntryPoint.h(1,1): warning C4828: 文件包含在偏移 0x3f 处开始的字符，该字符在当前源字符集中无效(代码页 65001)。
  (编译源文件“SRC/SandboxApp.cpp”)
  
F:\vspro\SEAL\SEAL\SRC\SEAL\EntryPoint.h(1,1): warning C4828: 文件包含在偏移 0x41 处开始的字符，该字符在当前源字符集中无效(代码页 65001)。
  (编译源文件“SRC/SandboxApp.cpp”)
  
F:\vspro\SEAL\SEAL\SRC\SEAL\EntryPoint.h(1,1): warning C4828: 文件包含在偏移 0x42 处开始的字符，该字符在当前源字符集中无效(代码页 65001)。
  (编译源文件“SRC/SandboxApp.cpp”)
  
F:\vspro\SEAL\SEAL\SRC\SEAL\EntryPoint.h(1,1): warning C4828: 文件包含在偏移 0x46 处开始的字符，该字符在当前源字符集中无效(代码页 65001)。
  (编译源文件“SRC/SandboxApp.cpp”)
  
F:\vspro\SEAL\SEAL\SRC\SEAL\EntryPoint.h(1,1): warning C4828: 文件包含在偏移 0x47 处开始的字符，该字符在当前源字符集中无效(代码页 65001)。
  (编译源文件“SRC/SandboxApp.cpp”)
  
F:\vspro\SEAL\SEAL\SRC\SEAL\EntryPoint.h(1,1): warning C4828: 文件包含在偏移 0x4b 处开始的字符，该字符在当前源字符集中无效(代码页 65001)。
  (编译源文件“SRC/SandboxApp.cpp”)
  
F:\vspro\SEAL\SEAL\SRC\SEAL\EntryPoint.h(1,1): warning C4828: 文件包含在偏移 0x4c 处开始的字符，该字符在当前源字符集中无效(代码页 65001)。
  (编译源文件“SRC/SandboxApp.cpp”)
  
F:\vspro\SEAL\SEAL\SRC\SEAL\EntryPoint.h(1,1): warning C4828: 文件包含在偏移 0x4f 处开始的字符，该字符在当前源字符集中无效(代码页 65001)。
  (编译源文件“SRC/SandboxApp.cpp”)
  
F:\vspro\SEAL\SEAL\SRC\SEAL\EntryPoint.h(1,1): warning C4828: 文件包含在偏移 0x50 处开始的字符，该字符在当前源字符集中无效(代码页 65001)。
  (编译源文件“SRC/SandboxApp.cpp”)
  
F:\vspro\SEAL\SEAL\SRC\SEAL\EntryPoint.h(1,1): warning C4828: 文件包含在偏移 0x52 处开始的字符，该字符在当前源字符集中无效(代码页 65001)。
  (编译源文件“SRC/SandboxApp.cpp”)
  
F:\vspro\SEAL\SEAL\SRC\SEAL\EntryPoint.h(1,1): warning C4828: 文件包含在偏移 0x53 处开始的字符，该字符在当前源字符集中无效(代码页 65001)。
  (编译源文件“SRC/SandboxApp.cpp”)
  
F:\vspro\SEAL\SEAL\SRC\SEAL\EntryPoint.h(1,1): warning C4828: 文件包含在偏移 0x54 处开始的字符，该字符在当前源字符集中无效(代码页 65001)。
  (编译源文件“SRC/SandboxApp.cpp”)
  
F:\vspro\SEAL\SEAL\SRC\SEAL\EntryPoint.h(1,1): warning C4828: 文件包含在偏移 0x55 处开始的字符，该字符在当前源字符集中无效(代码页 65001)。
  (编译源文件“SRC/SandboxApp.cpp”)
  
F:\vspro\SEAL\SEAL\SRC\SEAL\EntryPoint.h(1,1): warning C4828: 文件包含在偏移 0x57 处开始的字符，该字符在当前源字符集中无效(代码页 65001)。
  (编译源文件“SRC/SandboxApp.cpp”)
  
F:\vspro\SEAL\SEAL\SRC\SEAL\EntryPoint.h(1,1): warning C4828: 文件包含在偏移 0x58 处开始的字符，该字符在当前源字符集中无效(代码页 65001)。
  (编译源文件“SRC/SandboxApp.cpp”)
  
F:\vspro\SEAL\SEAL\SRC\SEAL\EntryPoint.h(1,1): warning C4828: 文件包含在偏移 0x5c 处开始的字符，该字符在当前源字符集中无效(代码页 65001)。
  (编译源文件“SRC/SandboxApp.cpp”)
  
F:\vspro\SEAL\SEAL\SRC\SEAL\EntryPoint.h(1,1): warning C4828: 文件包含在偏移 0x5d 处开始的字符，该字符在当前源字符集中无效(代码页 65001)。
  (编译源文件“SRC/SandboxApp.cpp”)
  
F:\vspro\SEAL\SEAL\SRC\SEAL\EntryPoint.h(1,1): warning C4828: 文件包含在偏移 0x5e 处开始的字符，该字符在当前源字符集中无效(代码页 65001)。
  (编译源文件“SRC/SandboxApp.cpp”)
  
F:\vspro\SEAL\SEAL\SRC\SEAL\EntryPoint.h(1,1): warning C4828: 文件包含在偏移 0x5f 处开始的字符，该字符在当前源字符集中无效(代码页 65001)。
  (编译源文件“SRC/SandboxApp.cpp”)
  
F:\vspro\SEAL\SEAL\SRC\SEAL\EntryPoint.h(1,1): warning C4828: 文件包含在偏移 0x61 处开始的字符，该字符在当前源字符集中无效(代码页 65001)。
  (编译源文件“SRC/SandboxApp.cpp”)
  
F:\vspro\SEAL\SEAL\SRC\SEAL\EntryPoint.h(1,1): warning C4828: 文件包含在偏移 0x62 处开始的字符，该字符在当前源字符集中无效(代码页 65001)。
  (编译源文件“SRC/SandboxApp.cpp”)
  
F:\vspro\SEAL\SEAL\SRC\SEAL\EntryPoint.h(1,1): warning C4828: 文件包含在偏移 0x6a 处开始的字符，该字符在当前源字符集中无效(代码页 65001)。
  (编译源文件“SRC/SandboxApp.cpp”)
  
F:\vspro\SEAL\SEAL\SRC\SEAL\EntryPoint.h(1,1): warning C4828: 文件包含在偏移 0x6b 处开始的字符，该字符在当前源字符集中无效(代码页 65001)。
  (编译源文件“SRC/SandboxApp.cpp”)
  
F:\vspro\SEAL\SEAL\SRC\SEAL\EntryPoint.h(1,1): warning C4828: 文件包含在偏移 0x6f 处开始的字符，该字符在当前源字符集中无效(代码页 65001)。
  (编译源文件“SRC/SandboxApp.cpp”)
  
F:\vspro\SEAL\SEAL\SRC\SEAL\EntryPoint.h(1,1): warning C4828: 文件包含在偏移 0x70 处开始的字符，该字符在当前源字符集中无效(代码页 65001)。
  (编译源文件“SRC/SandboxApp.cpp”)
  
F:\vspro\SEAL\SEAL\SRC\SEAL\EntryPoint.h(1,1): warning C4828: 文件包含在偏移 0x72 处开始的字符，该字符在当前源字符集中无效(代码页 65001)。
  (编译源文件“SRC/SandboxApp.cpp”)
  
F:\vspro\SEAL\SEAL\SRC\SEAL\EntryPoint.h(1,1): warning C4828: 文件包含在偏移 0x73 处开始的字符，该字符在当前源字符集中无效(代码页 65001)。
  (编译源文件“SRC/SandboxApp.cpp”)
  
F:\vspro\SEAL\SEAL\SRC\SEAL\EntryPoint.h(1,1): warning C4828: 文件包含在偏移 0x74 处开始的字符，该字符在当前源字符集中无效(代码页 65001)。
  (编译源文件“SRC/SandboxApp.cpp”)
  
F:\vspro\SEAL\SEAL\SRC\SEAL\EntryPoint.h(1,1): warning C4828: 文件包含在偏移 0x75 处开始的字符，该字符在当前源字符集中无效(代码页 65001)。
  (编译源文件“SRC/SandboxApp.cpp”)
  
F:\vspro\SEAL\SEAL\SRC\SEAL\EntryPoint.h(1,1): warning C4828: 文件包含在偏移 0x78 处开始的字符，该字符在当前源字符集中无效(代码页 65001)。
  (编译源文件“SRC/SandboxApp.cpp”)
  
F:\vspro\SEAL\SEAL\SRC\SEAL\EntryPoint.h(1,1): warning C4828: 文件包含在偏移 0x7c 处开始的字符，该字符在当前源字符集中无效(代码页 65001)。
  (编译源文件“SRC/SandboxApp.cpp”)
  
F:\vspro\SEAL\SEAL\SRC\SEAL\EntryPoint.h(1,1): warning C4828: 文件包含在偏移 0x7d 处开始的字符，该字符在当前源字符集中无效(代码页 65001)。
  (编译源文件“SRC/SandboxApp.cpp”)
  
F:\vspro\SEAL\SEAL\SRC\SEAL\EntryPoint.h(1,1): warning C4828: 文件包含在偏移 0x7e 处开始的字符，该字符在当前源字符集中无效(代码页 65001)。
  (编译源文件“SRC/SandboxApp.cpp”)
  
F:\vspro\SEAL\SEAL\SRC\SEAL\EntryPoint.h(1,1): warning C4828: 文件包含在偏移 0x7f 处开始的字符，该字符在当前源字符集中无效(代码页 65001)。
  (编译源文件“SRC/SandboxApp.cpp”)
  
F:\vspro\SEAL\SEAL\SRC\SEAL\EntryPoint.h(1,1): warning C4828: 文件包含在偏移 0x80 处开始的字符，该字符在当前源字符集中无效(代码页 65001)。
  (编译源文件“SRC/SandboxApp.cpp”)
  
F:\vspro\SEAL\SEAL\SRC\SEAL\EntryPoint.h(1,1): warning C4828: 文件包含在偏移 0x81 处开始的字符，该字符在当前源字符集中无效(代码页 65001)。
  (编译源文件“SRC/SandboxApp.cpp”)
  
F:\vspro\SEAL\SEAL\SRC\SEAL\EntryPoint.h(1,1): warning C4828: 文件包含在偏移 0x85 处开始的字符，该字符在当前源字符集中无效(代码页 65001)。
  (编译源文件“SRC/SandboxApp.cpp”)
  
F:\vspro\SEAL\SEAL\SRC\SEAL\EntryPoint.h(1,1): warning C4828: 文件包含在偏移 0x89 处开始的字符，该字符在当前源字符集中无效(代码页 65001)。
  (编译源文件“SRC/SandboxApp.cpp”)
  
F:\vspro\SEAL\SEAL\SRC\SEAL\EntryPoint.h(1,1): warning C4828: 文件包含在偏移 0x8a 处开始的字符，该字符在当前源字符集中无效(代码页 65001)。
  (编译源文件“SRC/SandboxApp.cpp”)
  
F:\vspro\SEAL\SEAL\SRC\SEAL\EntryPoint.h(1,1): warning C4828: 文件包含在偏移 0x8c 处开始的字符，该字符在当前源字符集中无效(代码页 65001)。
  (编译源文件“SRC/SandboxApp.cpp”)
  
F:\vspro\SEAL\SEAL\SRC\SEAL\EntryPoint.h(1,1): warning C4828: 文件包含在偏移 0x8d 处开始的字符，该字符在当前源字符集中无效(代码页 65001)。
  (编译源文件“SRC/SandboxApp.cpp”)
  
F:\vspro\SEAL\SEAL\SRC\SEAL\Log.h(1,1): warning C4828: 文件包含在偏移 0x485 处开始的字符，该字符在当前源字符集中无效(代码页 65001)。
  (编译源文件“SRC/SandboxApp.cpp”)
  
F:\vspro\SEAL\SEAL\SRC\SEAL\Log.h(1,1): warning C4828: 文件包含在偏移 0x487 处开始的字符，该字符在当前源字符集中无效(代码页 65001)。
  (编译源文件“SRC/SandboxApp.cpp”)
  
F:\vspro\SEAL\SEAL\SRC\SEAL\Log.h(1,1): warning C4828: 文件包含在偏移 0x488 处开始的字符，该字符在当前源字符集中无效(代码页 65001)。
  (编译源文件“SRC/SandboxApp.cpp”)
  
F:\vspro\SEAL\SEAL\SRC\SEAL\Log.h(1,1): warning C4828: 文件包含在偏移 0x491 处开始的字符，该字符在当前源字符集中无效(代码页 65001)。
  (编译源文件“SRC/SandboxApp.cpp”)
  
F:\vspro\SEAL\SEAL\SRC\SEAL\Log.h(1,1): warning C4828: 文件包含在偏移 0x492 处开始的字符，该字符在当前源字符集中无效(代码页 65001)。
  (编译源文件“SRC/SandboxApp.cpp”)
  
F:\vspro\SEAL\SEAL\SRC\SEAL\Log.h(1,1): warning C4828: 文件包含在偏移 0x495 处开始的字符，该字符在当前源字符集中无效(代码页 65001)。
  (编译源文件“SRC/SandboxApp.cpp”)
  
F:\vspro\SEAL\SEAL\SRC\SEAL\Log.h(1,1): warning C4828: 文件包含在偏移 0x497 处开始的字符，该字符在当前源字符集中无效(代码页 65001)。
  (编译源文件“SRC/SandboxApp.cpp”)
  
F:\vspro\SEAL\SEAL\SRC\SEAL\Log.h(1,1): warning C4828: 文件包含在偏移 0x498 处开始的字符，该字符在当前源字符集中无效(代码页 65001)。
  (编译源文件“SRC/SandboxApp.cpp”)
  
F:\vspro\SEAL\SEAL\SRC\SEAL\Log.h(1,1): warning C4828: 文件包含在偏移 0x49d 处开始的字符，该字符在当前源字符集中无效(代码页 65001)。
  (编译源文件“SRC/SandboxApp.cpp”)
  
F:\vspro\SEAL\SEAL\SRC\SEAL\Log.h(1,1): warning C4828: 文件包含在偏移 0x49e 处开始的字符，该字符在当前源字符集中无效(代码页 65001)。
  (编译源文件“SRC/SandboxApp.cpp”)
  
F:\vspro\SEAL\SEAL\SRC\SEAL\Log.h(1,1): warning C4828: 文件包含在偏移 0x4a0 处开始的字符，该字符在当前源字符集中无效(代码页 65001)。
  (编译源文件“SRC/SandboxApp.cpp”)
  
F:\vspro\SEAL\SEAL\SRC\SEAL\Log.h(1,1): warning C4828: 文件包含在偏移 0x4a4 处开始的字符，该字符在当前源字符集中无效(代码页 65001)。
  (编译源文件“SRC/SandboxApp.cpp”)
  
F:\vspro\SEAL\SEAL\SRC\SEAL\Log.h(1,1): warning C4828: 文件包含在偏移 0x4a8 处开始的字符，该字符在当前源字符集中无效(代码页 65001)。
  (编译源文件“SRC/SandboxApp.cpp”)
  
F:\vspro\SEAL\SEAL\SRC\SEAL\Log.h(1,1): warning C4828: 文件包含在偏移 0x4ac 处开始的字符，该字符在当前源字符集中无效(代码页 65001)。
  (编译源文件“SRC/SandboxApp.cpp”)
  
F:\vspro\SEAL\SEAL\SRC\SEAL\Log.h(1,1): warning C4828: 文件包含在偏移 0x4b4 处开始的字符，该字符在当前源字符集中无效(代码页 65001)。
  (编译源文件“SRC/SandboxApp.cpp”)
  
F:\vspro\SEAL\SEAL\SRC\SEAL\Log.h(1,1): warning C4828: 文件包含在偏移 0x4b6 处开始的字符，该字符在当前源字符集中无效(代码页 65001)。
  (编译源文件“SRC/SandboxApp.cpp”)
  
F:\vspro\SEAL\SEAL\SRC\SEAL\Log.h(1,1): warning C4828: 文件包含在偏移 0x4b8 处开始的字符，该字符在当前源字符集中无效(代码页 65001)。
  (编译源文件“SRC/SandboxApp.cpp”)
  
F:\vspro\SEAL\SEAL\SRC\SEAL\Log.h(1,1): warning C4828: 文件包含在偏移 0x4b9 处开始的字符，该字符在当前源字符集中无效(代码页 65001)。
  (编译源文件“SRC/SandboxApp.cpp”)
  
F:\vspro\SEAL\SEAL\SRC\SEAL\Log.h(1,1): warning C4828: 文件包含在偏移 0x4bc 处开始的字符，该字符在当前源字符集中无效(代码页 65001)。
  (编译源文件“SRC/SandboxApp.cpp”)
  
F:\vspro\SEAL\SEAL\SRC\SEAL\Log.h(1,1): warning C4828: 文件包含在偏移 0x4bd 处开始的字符，该字符在当前源字符集中无效(代码页 65001)。
  (编译源文件“SRC/SandboxApp.cpp”)
  
F:\vspro\SEAL\SEAL\SRC\SEAL\Log.h(1,1): warning C4828: 文件包含在偏移 0x4be 处开始的字符，该字符在当前源字符集中无效(代码页 65001)。
  (编译源文件“SRC/SandboxApp.cpp”)
  
F:\vspro\SEAL\SEAL\SRC\SEAL\Log.h(1,1): warning C4828: 文件包含在偏移 0x4c0 处开始的字符，该字符在当前源字符集中无效(代码页 65001)。
  (编译源文件“SRC/SandboxApp.cpp”)
  
F:\vspro\SEAL\SEAL\SRC\SEAL\Log.h(1,1): warning C4828: 文件包含在偏移 0x4c2 处开始的字符，该字符在当前源字符集中无效(代码页 65001)。
  (编译源文件“SRC/SandboxApp.cpp”)
  
F:\vspro\SEAL\SEAL\SRC\SEAL\Log.h(1,1): warning C4828: 文件包含在偏移 0x4c3 处开始的字符，该字符在当前源字符集中无效(代码页 65001)。
  (编译源文件“SRC/SandboxApp.cpp”)
  
F:\vspro\SEAL\SEAL\SRC\SEAL\Log.h(1,1): warning C4828: 文件包含在偏移 0x4c7 处开始的字符，该字符在当前源字符集中无效(代码页 65001)。
  (编译源文件“SRC/SandboxApp.cpp”)
  
F:\vspro\SEAL\SEAL\SRC\SEAL\Log.h(1,1): warning C4828: 文件包含在偏移 0x4c9 处开始的字符，该字符在当前源字符集中无效(代码页 65001)。
  (编译源文件“SRC/SandboxApp.cpp”)
  
F:\vspro\SEAL\SEAL\SRC\SEAL\Log.h(1,1): warning C4828: 文件包含在偏移 0x4ca 处开始的字符，该字符在当前源字符集中无效(代码页 65001)。
  (编译源文件“SRC/SandboxApp.cpp”)
  
F:\vspro\SEAL\SEAL\SRC\SEAL\Log.h(1,1): warning C4828: 文件包含在偏移 0x4cc 处开始的字符，该字符在当前源字符集中无效(代码页 65001)。
  (编译源文件“SRC/SandboxApp.cpp”)
  
F:\vspro\SEAL\SEAL\SRC\SEAL\Log.h(1,1): warning C4828: 文件包含在偏移 0x4d2 处开始的字符，该字符在当前源字符集中无效(代码页 65001)。
  (编译源文件“SRC/SandboxApp.cpp”)
  
F:\vspro\SEAL\SEAL\SRC\SEAL\Log.h(1,1): warning C4828: 文件包含在偏移 0x4d4 处开始的字符，该字符在当前源字符集中无效(代码页 65001)。
  (编译源文件“SRC/SandboxApp.cpp”)
  
F:\vspro\SEAL\SEAL\SRC\SEAL\Log.h(1,1): warning C4828: 文件包含在偏移 0x4d6 处开始的字符，该字符在当前源字符集中无效(代码页 65001)。
  (编译源文件“SRC/SandboxApp.cpp”)
  
F:\vspro\SEAL\SEAL\SRC\SEAL\Log.h(1,1): warning C4828: 文件包含在偏移 0x4d8 处开始的字符，该字符在当前源字符集中无效(代码页 65001)。
  (编译源文件“SRC/SandboxApp.cpp”)
  
F:\vspro\SEAL\SEAL\SRC\SEAL\Log.h(1,1): warning C4828: 文件包含在偏移 0x4d9 处开始的字符，该字符在当前源字符集中无效(代码页 65001)。
  (编译源文件“SRC/SandboxApp.cpp”)
  
F:\vspro\SEAL\SEAL\SRC\SEAL\Log.h(1,1): warning C4828: 文件包含在偏移 0x4da 处开始的字符，该字符在当前源字符集中无效(代码页 65001)。
  (编译源文件“SRC/SandboxApp.cpp”)
  
F:\vspro\SEAL\SEAL\SRC\SEAL\Log.h(1,1): warning C4828: 文件包含在偏移 0x4de 处开始的字符，该字符在当前源字符集中无效(代码页 65001)。
  (编译源文件“SRC/SandboxApp.cpp”)
  
F:\vspro\SEAL\SEAL\SRC\SEAL\Log.h(1,1): warning C4828: 文件包含在偏移 0x4df 处开始的字符，该字符在当前源字符集中无效(代码页 65001)。
  (编译源文件“SRC/SandboxApp.cpp”)
  
F:\vspro\SEAL\SEAL\SRC\SEAL\Log.h(1,1): warning C4828: 文件包含在偏移 0x4e1 处开始的字符，该字符在当前源字符集中无效(代码页 65001)。
  (编译源文件“SRC/SandboxApp.cpp”)
  
F:\vspro\SEAL\SEAL\SRC\SEAL\Log.h(1,1): warning C4828: 文件包含在偏移 0x4e2 处开始的字符，该字符在当前源字符集中无效(代码页 65001)。
  (编译源文件“SRC/SandboxApp.cpp”)
  
F:\vspro\SEAL\SEAL\SRC\SEAL\Log.h(1,1): warning C4828: 文件包含在偏移 0x4e3 处开始的字符，该字符在当前源字符集中无效(代码页 65001)。
  (编译源文件“SRC/SandboxApp.cpp”)
  
F:\vspro\SEAL\SEAL\SRC\SEAL\Log.h(1,1): warning C4828: 文件包含在偏移 0x4e7 处开始的字符，该字符在当前源字符集中无效(代码页 65001)。
  (编译源文件“SRC/SandboxApp.cpp”)
  
F:\vspro\SEAL\SEAL\SRC\SEAL\Log.h(1,1): warning C4828: 文件包含在偏移 0x4e8 处开始的字符，该字符在当前源字符集中无效(代码页 65001)。
  (编译源文件“SRC/SandboxApp.cpp”)
  
F:\vspro\SEAL\SEAL\SRC\SEAL\Log.h(1,1): warning C4828: 文件包含在偏移 0x4e9 处开始的字符，该字符在当前源字符集中无效(代码页 65001)。
  (编译源文件“SRC/SandboxApp.cpp”)
  
F:\vspro\SEAL\SEAL\SRC\SEAL\Log.h(1,1): warning C4828: 文件包含在偏移 0x4ec 处开始的字符，该字符在当前源字符集中无效(代码页 65001)。
  (编译源文件“SRC/SandboxApp.cpp”)
  
F:\vspro\SEAL\SEAL\SRC\SEAL\Log.h(1,1): warning C4828: 文件包含在偏移 0x4ed 处开始的字符，该字符在当前源字符集中无效(代码页 65001)。
  (编译源文件“SRC/SandboxApp.cpp”)
  
F:\vspro\SEAL\SEAL\SRC\SEAL\Log.h(1,1): warning C4828: 文件包含在偏移 0x4f3 处开始的字符，该字符在当前源字符集中无效(代码页 65001)。
  (编译源文件“SRC/SandboxApp.cpp”)
  
F:\vspro\SEAL\SEAL\SRC\SEAL\Log.h(1,1): warning C4828: 文件包含在偏移 0x4f4 处开始的字符，该字符在当前源字符集中无效(代码页 65001)。
  (编译源文件“SRC/SandboxApp.cpp”)
  
F:\vspro\SEAL\SEAL\SRC\SEAL\Log.h(1,1): warning C4828: 文件包含在偏移 0x4f5 处开始的字符，该字符在当前源字符集中无效(代码页 65001)。
  (编译源文件“SRC/SandboxApp.cpp”)
  
F:\vspro\SEAL\SEAL\SRC\SEAL\Log.h(1,1): warning C4828: 文件包含在偏移 0x4f6 处开始的字符，该字符在当前源字符集中无效(代码页 65001)。
  (编译源文件“SRC/SandboxApp.cpp”)
  
F:\vspro\SEAL\SEAL\SRC\SEAL\Log.h(1,1): warning C4828: 文件包含在偏移 0x4f7 处开始的字符，该字符在当前源字符集中无效(代码页 65001)。
  (编译源文件“SRC/SandboxApp.cpp”)
  
F:\vspro\SEAL\SEAL\SRC\SEAL\Log.h(1,1): warning C4828: 文件包含在偏移 0x4f9 处开始的字符，该字符在当前源字符集中无效(代码页 65001)。
  (编译源文件“SRC/SandboxApp.cpp”)
  
F:\vspro\SEAL\SEAL\SRC\SEAL\Log.h(1,1): warning C4828: 文件包含在偏移 0x4fa 处开始的字符，该字符在当前源字符集中无效(代码页 65001)。
  (编译源文件“SRC/SandboxApp.cpp”)
  
F:\vspro\SEAL\SEAL\SRC\SEAL\Log.h(1,1): warning C4828: 文件包含在偏移 0x4fd 处开始的字符，该字符在当前源字符集中无效(代码页 65001)。
  (编译源文件“SRC/SandboxApp.cpp”)
  
F:\vspro\SEAL\SEAL\SRC\SEAL\Log.h(1,1): warning C4828: 文件包含在偏移 0x501 处开始的字符，该字符在当前源字符集中无效(代码页 65001)。
  (编译源文件“SRC/SandboxApp.cpp”)
  
F:\vspro\SEAL\SEAL\SRC\SEAL\Log.h(1,1): warning C4828: 文件包含在偏移 0x502 处开始的字符，该字符在当前源字符集中无效(代码页 65001)。
  (编译源文件“SRC/SandboxApp.cpp”)
  
F:\vspro\SEAL\SEAL\SRC\SEAL\Log.h(1,1): warning C4828: 文件包含在偏移 0x506 处开始的字符，该字符在当前源字符集中无效(代码页 65001)。
  (编译源文件“SRC/SandboxApp.cpp”)
  
F:\vspro\SEAL\SEAL\SRC\SEAL\Log.h(1,1): warning C4828: 文件包含在偏移 0x50a 处开始的字符，该字符在当前源字符集中无效(代码页 65001)。
  (编译源文件“SRC/SandboxApp.cpp”)
  
F:\vspro\SEAL\SEAL\SRC\SEAL\Log.h(1,1): warning C4828: 文件包含在偏移 0x50b 处开始的字符，该字符在当前源字符集中无效(代码页 65001)。
  (编译源文件“SRC/SandboxApp.cpp”)
  
F:\vspro\SEAL\SEAL\SRC\SEAL\Log.h(1,1): warning C4828: 文件包含在偏移 0x50c 处开始的字符，该字符在当前源字符集中无效(代码页 65001)。
  (编译源文件“SRC/SandboxApp.cpp”)
  
F:\vspro\SEAL\SEAL\SRC\SEAL\Log.h(1,1): warning C4828: 文件包含在偏移 0x512 处开始的字符，该字符在当前源字符集中无效(代码页 65001)。
  (编译源文件“SRC/SandboxApp.cpp”)
  
F:\vspro\SEAL\SEAL\SRC\SEAL\Log.h(1,1): warning C4828: 文件包含在偏移 0x513 处开始的字符，该字符在当前源字符集中无效(代码页 65001)。
  (编译源文件“SRC/SandboxApp.cpp”)
  
F:\vspro\SEAL\SEAL\SRC\SEAL\Log.h(18,42): warning C4251: “SEAL::Log::s_CoreLogger”: class“std::shared_ptr<spdlog::logger>”需要有 dll 接口由 class“SEAL::Log”的客户端使用 
  (编译源文件“SRC/SandboxApp.cpp”)
      F:\vspro\SEAL\SEAL\spdlog-1.x\spdlog-1.x\include\spdlog\details\registry.h(33,31):
      参见“std::shared_ptr<spdlog::logger>”的声明
  
F:\vspro\SEAL\SEAL\SRC\SEAL\Log.h(19,42): warning C4251: “SEAL::Log::s_ClientLogger”: class“std::shared_ptr<spdlog::logger>”需要有 dll 接口由 class“SEAL::Log”的客户端使用 
  (编译源文件“SRC/SandboxApp.cpp”)
      F:\vspro\SEAL\SEAL\spdlog-1.x\spdlog-1.x\include\spdlog\details\registry.h(33,31):
      参见“std::shared_ptr<spdlog::logger>”的声明
  
  Sandbox.vcxproj -> F:\vspro\SEAL\bin\Debug-x64\Sandbox\Sandbox.exe
